Performing C SOURCE FILE Test HAVE_GCC_PREFERRED_STACK_BOUNDARY failed with the following output:
Change Dir: /home/zachary/projects/game-engine/build/CMakeFiles/CMakeTmp

Run Build Command(s):/usr/bin/make cmTC_9dca8/fast && /usr/bin/make -f CMakeFiles/cmTC_9dca8.dir/build.make CMakeFiles/cmTC_9dca8.dir/build
make[1]: Entering directory '/home/zachary/Documents/Projects/game-engine/build/CMakeFiles/CMakeTmp'
Building C object CMakeFiles/cmTC_9dca8.dir/src.c.o
/usr/bin/cc   -idirafter "/home/zachary/projects/game-engine/lib/SDL/src/video/khronos" -DHAVE_GCC_PREFERRED_STACK_BOUNDARY -mpreferred-stack-boundary=2   -o CMakeFiles/cmTC_9dca8.dir/src.c.o   -c /home/zachary/projects/game-engine/build/CMakeFiles/CMakeTmp/src.c
cc1: error: ‘-mpreferred-stack-boundary=2’ is not between 3 and 12
make[1]: *** [CMakeFiles/cmTC_9dca8.dir/build.make:66: CMakeFiles/cmTC_9dca8.dir/src.c.o] Error 1
make[1]: Leaving directory '/home/zachary/Documents/Projects/game-engine/build/CMakeFiles/CMakeTmp'
make: *** [Makefile:121: cmTC_9dca8/fast] Error 2


Source file was:
int x = 0; int main(int argc, char **argv) {}
Performing C SOURCE FILE Test HAVE_ALTIVEC_H_HDR failed with the following output:
Change Dir: /home/zachary/projects/game-engine/build/CMakeFiles/CMakeTmp

Run Build Command(s):/usr/bin/make cmTC_36500/fast && /usr/bin/make -f CMakeFiles/cmTC_36500.dir/build.make CMakeFiles/cmTC_36500.dir/build
make[1]: Entering directory '/home/zachary/Documents/Projects/game-engine/build/CMakeFiles/CMakeTmp'
Building C object CMakeFiles/cmTC_36500.dir/src.c.o
/usr/bin/cc   -idirafter "/home/zachary/projects/game-engine/lib/SDL/src/video/khronos" -DHAVE_ALTIVEC_H_HDR -maltivec   -o CMakeFiles/cmTC_36500.dir/src.c.o   -c /home/zachary/projects/game-engine/build/CMakeFiles/CMakeTmp/src.c
cc: error: unrecognized command line option ‘-maltivec’
make[1]: *** [CMakeFiles/cmTC_36500.dir/build.make:66: CMakeFiles/cmTC_36500.dir/src.c.o] Error 1
make[1]: Leaving directory '/home/zachary/Documents/Projects/game-engine/build/CMakeFiles/CMakeTmp'
make: *** [Makefile:121: cmTC_36500/fast] Error 2


Source file was:

          #include <altivec.h>
          vector unsigned int vzero() {
              return vec_splat_u32(0);
          }
          int main(int argc, char **argv) { }
Performing C SOURCE FILE Test HAVE_ALTIVEC failed with the following output:
Change Dir: /home/zachary/projects/game-engine/build/CMakeFiles/CMakeTmp

Run Build Command(s):/usr/bin/make cmTC_5503b/fast && /usr/bin/make -f CMakeFiles/cmTC_5503b.dir/build.make CMakeFiles/cmTC_5503b.dir/build
make[1]: Entering directory '/home/zachary/Documents/Projects/game-engine/build/CMakeFiles/CMakeTmp'
Building C object CMakeFiles/cmTC_5503b.dir/src.c.o
/usr/bin/cc   -idirafter "/home/zachary/projects/game-engine/lib/SDL/src/video/khronos" -DHAVE_ALTIVEC -maltivec   -o CMakeFiles/cmTC_5503b.dir/src.c.o   -c /home/zachary/projects/game-engine/build/CMakeFiles/CMakeTmp/src.c
cc: error: unrecognized command line option ‘-maltivec’
make[1]: *** [CMakeFiles/cmTC_5503b.dir/build.make:66: CMakeFiles/cmTC_5503b.dir/src.c.o] Error 1
make[1]: Leaving directory '/home/zachary/Documents/Projects/game-engine/build/CMakeFiles/CMakeTmp'
make: *** [Makefile:121: cmTC_5503b/fast] Error 2


Source file was:

          vector unsigned int vzero() {
              return vec_splat_u32(0);
          }
          int main(int argc, char **argv) { }
Determining if the include file libunwind.h exists failed with the following output:
Change Dir: /home/zachary/projects/game-engine/build/CMakeFiles/CMakeTmp

Run Build Command(s):/usr/bin/make cmTC_972c2/fast && /usr/bin/make -f CMakeFiles/cmTC_972c2.dir/build.make CMakeFiles/cmTC_972c2.dir/build
make[1]: Entering directory '/home/zachary/Documents/Projects/game-engine/build/CMakeFiles/CMakeTmp'
Building C object CMakeFiles/cmTC_972c2.dir/CheckIncludeFile.c.o
/usr/bin/cc   -idirafter "/home/zachary/projects/game-engine/lib/SDL/src/video/khronos"    -o CMakeFiles/cmTC_972c2.dir/CheckIncludeFile.c.o   -c /home/zachary/projects/game-engine/build/CMakeFiles/CMakeTmp/CheckIncludeFile.c
/home/zachary/projects/game-engine/build/CMakeFiles/CMakeTmp/CheckIncludeFile.c:1:10: fatal error: libunwind.h: No such file or directory
    1 | #include <libunwind.h>
      |          ^~~~~~~~~~~~~
compilation terminated.
make[1]: *** [CMakeFiles/cmTC_972c2.dir/build.make:66: CMakeFiles/cmTC_972c2.dir/CheckIncludeFile.c.o] Error 1
make[1]: Leaving directory '/home/zachary/Documents/Projects/game-engine/build/CMakeFiles/CMakeTmp'
make: *** [Makefile:121: cmTC_972c2/fast] Error 2



Determining if the strlcpy exist failed with the following output:
Change Dir: /home/zachary/projects/game-engine/build/CMakeFiles/CMakeTmp

Run Build Command(s):/usr/bin/make cmTC_ac6f9/fast && /usr/bin/make -f CMakeFiles/cmTC_ac6f9.dir/build.make CMakeFiles/cmTC_ac6f9.dir/build
make[1]: Entering directory '/home/zachary/Documents/Projects/game-engine/build/CMakeFiles/CMakeTmp'
Building C object CMakeFiles/cmTC_ac6f9.dir/CheckSymbolExists.c.o
/usr/bin/cc   -idirafter "/home/zachary/projects/game-engine/lib/SDL/src/video/khronos"    -o CMakeFiles/cmTC_ac6f9.dir/CheckSymbolExists.c.o   -c /home/zachary/projects/game-engine/build/CMakeFiles/CMakeTmp/CheckSymbolExists.c
/home/zachary/projects/game-engine/build/CMakeFiles/CMakeTmp/CheckSymbolExists.c: In function ‘main’:
/home/zachary/projects/game-engine/build/CMakeFiles/CMakeTmp/CheckSymbolExists.c:14:19: error: ‘strlcpy’ undeclared (first use in this function); did you mean ‘strncpy’?
   14 |   return ((int*)(&strlcpy))[argc];
      |                   ^~~~~~~
      |                   strncpy
/home/zachary/projects/game-engine/build/CMakeFiles/CMakeTmp/CheckSymbolExists.c:14:19: note: each undeclared identifier is reported only once for each function it appears in
make[1]: *** [CMakeFiles/cmTC_ac6f9.dir/build.make:66: CMakeFiles/cmTC_ac6f9.dir/CheckSymbolExists.c.o] Error 1
make[1]: Leaving directory '/home/zachary/Documents/Projects/game-engine/build/CMakeFiles/CMakeTmp'
make: *** [Makefile:121: cmTC_ac6f9/fast] Error 2


File /home/zachary/projects/game-engine/build/CMakeFiles/CMakeTmp/CheckSymbolExists.c:
/* */
#include <stddef.h>
#include <stdarg.h>
#include <stdlib.h>
#include <string.h>
#include <stdio.h>
#include <wchar.h>
#include <float.h>

int main(int argc, char** argv)
{
  (void)argv;
#ifndef strlcpy
  return ((int*)(&strlcpy))[argc];
#else
  (void)argc;
  return 0;
#endif
}
Determining if the strlcat exist failed with the following output:
Change Dir: /home/zachary/projects/game-engine/build/CMakeFiles/CMakeTmp

Run Build Command(s):/usr/bin/make cmTC_aff5b/fast && /usr/bin/make -f CMakeFiles/cmTC_aff5b.dir/build.make CMakeFiles/cmTC_aff5b.dir/build
make[1]: Entering directory '/home/zachary/Documents/Projects/game-engine/build/CMakeFiles/CMakeTmp'
Building C object CMakeFiles/cmTC_aff5b.dir/CheckSymbolExists.c.o
/usr/bin/cc   -idirafter "/home/zachary/projects/game-engine/lib/SDL/src/video/khronos"    -o CMakeFiles/cmTC_aff5b.dir/CheckSymbolExists.c.o   -c /home/zachary/projects/game-engine/build/CMakeFiles/CMakeTmp/CheckSymbolExists.c
/home/zachary/projects/game-engine/build/CMakeFiles/CMakeTmp/CheckSymbolExists.c: In function ‘main’:
/home/zachary/projects/game-engine/build/CMakeFiles/CMakeTmp/CheckSymbolExists.c:14:19: error: ‘strlcat’ undeclared (first use in this function); did you mean ‘strncat’?
   14 |   return ((int*)(&strlcat))[argc];
      |                   ^~~~~~~
      |                   strncat
/home/zachary/projects/game-engine/build/CMakeFiles/CMakeTmp/CheckSymbolExists.c:14:19: note: each undeclared identifier is reported only once for each function it appears in
make[1]: *** [CMakeFiles/cmTC_aff5b.dir/build.make:66: CMakeFiles/cmTC_aff5b.dir/CheckSymbolExists.c.o] Error 1
make[1]: Leaving directory '/home/zachary/Documents/Projects/game-engine/build/CMakeFiles/CMakeTmp'
make: *** [Makefile:121: cmTC_aff5b/fast] Error 2


File /home/zachary/projects/game-engine/build/CMakeFiles/CMakeTmp/CheckSymbolExists.c:
/* */
#include <stddef.h>
#include <stdarg.h>
#include <stdlib.h>
#include <string.h>
#include <stdio.h>
#include <wchar.h>
#include <float.h>

int main(int argc, char** argv)
{
  (void)argv;
#ifndef strlcat
  return ((int*)(&strlcat))[argc];
#else
  (void)argc;
  return 0;
#endif
}
Determining if the _strrev exist failed with the following output:
Change Dir: /home/zachary/projects/game-engine/build/CMakeFiles/CMakeTmp

Run Build Command(s):/usr/bin/make cmTC_fbbbe/fast && /usr/bin/make -f CMakeFiles/cmTC_fbbbe.dir/build.make CMakeFiles/cmTC_fbbbe.dir/build
make[1]: Entering directory '/home/zachary/Documents/Projects/game-engine/build/CMakeFiles/CMakeTmp'
Building C object CMakeFiles/cmTC_fbbbe.dir/CheckSymbolExists.c.o
/usr/bin/cc   -idirafter "/home/zachary/projects/game-engine/lib/SDL/src/video/khronos"    -o CMakeFiles/cmTC_fbbbe.dir/CheckSymbolExists.c.o   -c /home/zachary/projects/game-engine/build/CMakeFiles/CMakeTmp/CheckSymbolExists.c
/home/zachary/projects/game-engine/build/CMakeFiles/CMakeTmp/CheckSymbolExists.c: In function ‘main’:
/home/zachary/projects/game-engine/build/CMakeFiles/CMakeTmp/CheckSymbolExists.c:14:19: error: ‘_strrev’ undeclared (first use in this function)
   14 |   return ((int*)(&_strrev))[argc];
      |                   ^~~~~~~
/home/zachary/projects/game-engine/build/CMakeFiles/CMakeTmp/CheckSymbolExists.c:14:19: note: each undeclared identifier is reported only once for each function it appears in
make[1]: *** [CMakeFiles/cmTC_fbbbe.dir/build.make:66: CMakeFiles/cmTC_fbbbe.dir/CheckSymbolExists.c.o] Error 1
make[1]: Leaving directory '/home/zachary/Documents/Projects/game-engine/build/CMakeFiles/CMakeTmp'
make: *** [Makefile:121: cmTC_fbbbe/fast] Error 2


File /home/zachary/projects/game-engine/build/CMakeFiles/CMakeTmp/CheckSymbolExists.c:
/* */
#include <stddef.h>
#include <stdarg.h>
#include <stdlib.h>
#include <string.h>
#include <stdio.h>
#include <wchar.h>
#include <float.h>

int main(int argc, char** argv)
{
  (void)argv;
#ifndef _strrev
  return ((int*)(&_strrev))[argc];
#else
  (void)argc;
  return 0;
#endif
}
Determining if the _strupr exist failed with the following output:
Change Dir: /home/zachary/projects/game-engine/build/CMakeFiles/CMakeTmp

Run Build Command(s):/usr/bin/make cmTC_11cab/fast && /usr/bin/make -f CMakeFiles/cmTC_11cab.dir/build.make CMakeFiles/cmTC_11cab.dir/build
make[1]: Entering directory '/home/zachary/Documents/Projects/game-engine/build/CMakeFiles/CMakeTmp'
Building C object CMakeFiles/cmTC_11cab.dir/CheckSymbolExists.c.o
/usr/bin/cc   -idirafter "/home/zachary/projects/game-engine/lib/SDL/src/video/khronos"    -o CMakeFiles/cmTC_11cab.dir/CheckSymbolExists.c.o   -c /home/zachary/projects/game-engine/build/CMakeFiles/CMakeTmp/CheckSymbolExists.c
/home/zachary/projects/game-engine/build/CMakeFiles/CMakeTmp/CheckSymbolExists.c: In function ‘main’:
/home/zachary/projects/game-engine/build/CMakeFiles/CMakeTmp/CheckSymbolExists.c:14:19: error: ‘_strupr’ undeclared (first use in this function)
   14 |   return ((int*)(&_strupr))[argc];
      |                   ^~~~~~~
/home/zachary/projects/game-engine/build/CMakeFiles/CMakeTmp/CheckSymbolExists.c:14:19: note: each undeclared identifier is reported only once for each function it appears in
make[1]: *** [CMakeFiles/cmTC_11cab.dir/build.make:66: CMakeFiles/cmTC_11cab.dir/CheckSymbolExists.c.o] Error 1
make[1]: Leaving directory '/home/zachary/Documents/Projects/game-engine/build/CMakeFiles/CMakeTmp'
make: *** [Makefile:121: cmTC_11cab/fast] Error 2


File /home/zachary/projects/game-engine/build/CMakeFiles/CMakeTmp/CheckSymbolExists.c:
/* */
#include <stddef.h>
#include <stdarg.h>
#include <stdlib.h>
#include <string.h>
#include <stdio.h>
#include <wchar.h>
#include <float.h>

int main(int argc, char** argv)
{
  (void)argv;
#ifndef _strupr
  return ((int*)(&_strupr))[argc];
#else
  (void)argc;
  return 0;
#endif
}
Determining if the _strlwr exist failed with the following output:
Change Dir: /home/zachary/projects/game-engine/build/CMakeFiles/CMakeTmp

Run Build Command(s):/usr/bin/make cmTC_721d3/fast && /usr/bin/make -f CMakeFiles/cmTC_721d3.dir/build.make CMakeFiles/cmTC_721d3.dir/build
make[1]: Entering directory '/home/zachary/Documents/Projects/game-engine/build/CMakeFiles/CMakeTmp'
Building C object CMakeFiles/cmTC_721d3.dir/CheckSymbolExists.c.o
/usr/bin/cc   -idirafter "/home/zachary/projects/game-engine/lib/SDL/src/video/khronos"    -o CMakeFiles/cmTC_721d3.dir/CheckSymbolExists.c.o   -c /home/zachary/projects/game-engine/build/CMakeFiles/CMakeTmp/CheckSymbolExists.c
/home/zachary/projects/game-engine/build/CMakeFiles/CMakeTmp/CheckSymbolExists.c: In function ‘main’:
/home/zachary/projects/game-engine/build/CMakeFiles/CMakeTmp/CheckSymbolExists.c:14:19: error: ‘_strlwr’ undeclared (first use in this function)
   14 |   return ((int*)(&_strlwr))[argc];
      |                   ^~~~~~~
/home/zachary/projects/game-engine/build/CMakeFiles/CMakeTmp/CheckSymbolExists.c:14:19: note: each undeclared identifier is reported only once for each function it appears in
make[1]: *** [CMakeFiles/cmTC_721d3.dir/build.make:66: CMakeFiles/cmTC_721d3.dir/CheckSymbolExists.c.o] Error 1
make[1]: Leaving directory '/home/zachary/Documents/Projects/game-engine/build/CMakeFiles/CMakeTmp'
make: *** [Makefile:121: cmTC_721d3/fast] Error 2


File /home/zachary/projects/game-engine/build/CMakeFiles/CMakeTmp/CheckSymbolExists.c:
/* */
#include <stddef.h>
#include <stdarg.h>
#include <stdlib.h>
#include <string.h>
#include <stdio.h>
#include <wchar.h>
#include <float.h>

int main(int argc, char** argv)
{
  (void)argv;
#ifndef _strlwr
  return ((int*)(&_strlwr))[argc];
#else
  (void)argc;
  return 0;
#endif
}
Determining if the itoa exist failed with the following output:
Change Dir: /home/zachary/projects/game-engine/build/CMakeFiles/CMakeTmp

Run Build Command(s):/usr/bin/make cmTC_4d299/fast && /usr/bin/make -f CMakeFiles/cmTC_4d299.dir/build.make CMakeFiles/cmTC_4d299.dir/build
make[1]: Entering directory '/home/zachary/Documents/Projects/game-engine/build/CMakeFiles/CMakeTmp'
Building C object CMakeFiles/cmTC_4d299.dir/CheckSymbolExists.c.o
/usr/bin/cc   -idirafter "/home/zachary/projects/game-engine/lib/SDL/src/video/khronos"    -o CMakeFiles/cmTC_4d299.dir/CheckSymbolExists.c.o   -c /home/zachary/projects/game-engine/build/CMakeFiles/CMakeTmp/CheckSymbolExists.c
/home/zachary/projects/game-engine/build/CMakeFiles/CMakeTmp/CheckSymbolExists.c: In function ‘main’:
/home/zachary/projects/game-engine/build/CMakeFiles/CMakeTmp/CheckSymbolExists.c:14:19: error: ‘itoa’ undeclared (first use in this function)
   14 |   return ((int*)(&itoa))[argc];
      |                   ^~~~
/home/zachary/projects/game-engine/build/CMakeFiles/CMakeTmp/CheckSymbolExists.c:14:19: note: each undeclared identifier is reported only once for each function it appears in
make[1]: *** [CMakeFiles/cmTC_4d299.dir/build.make:66: CMakeFiles/cmTC_4d299.dir/CheckSymbolExists.c.o] Error 1
make[1]: Leaving directory '/home/zachary/Documents/Projects/game-engine/build/CMakeFiles/CMakeTmp'
make: *** [Makefile:121: cmTC_4d299/fast] Error 2


File /home/zachary/projects/game-engine/build/CMakeFiles/CMakeTmp/CheckSymbolExists.c:
/* */
#include <stddef.h>
#include <stdarg.h>
#include <stdlib.h>
#include <string.h>
#include <stdio.h>
#include <wchar.h>
#include <float.h>

int main(int argc, char** argv)
{
  (void)argv;
#ifndef itoa
  return ((int*)(&itoa))[argc];
#else
  (void)argc;
  return 0;
#endif
}
Determining if the _ltoa exist failed with the following output:
Change Dir: /home/zachary/projects/game-engine/build/CMakeFiles/CMakeTmp

Run Build Command(s):/usr/bin/make cmTC_9ec5e/fast && /usr/bin/make -f CMakeFiles/cmTC_9ec5e.dir/build.make CMakeFiles/cmTC_9ec5e.dir/build
make[1]: Entering directory '/home/zachary/Documents/Projects/game-engine/build/CMakeFiles/CMakeTmp'
Building C object CMakeFiles/cmTC_9ec5e.dir/CheckSymbolExists.c.o
/usr/bin/cc   -idirafter "/home/zachary/projects/game-engine/lib/SDL/src/video/khronos"    -o CMakeFiles/cmTC_9ec5e.dir/CheckSymbolExists.c.o   -c /home/zachary/projects/game-engine/build/CMakeFiles/CMakeTmp/CheckSymbolExists.c
/home/zachary/projects/game-engine/build/CMakeFiles/CMakeTmp/CheckSymbolExists.c: In function ‘main’:
/home/zachary/projects/game-engine/build/CMakeFiles/CMakeTmp/CheckSymbolExists.c:14:19: error: ‘_ltoa’ undeclared (first use in this function)
   14 |   return ((int*)(&_ltoa))[argc];
      |                   ^~~~~
/home/zachary/projects/game-engine/build/CMakeFiles/CMakeTmp/CheckSymbolExists.c:14:19: note: each undeclared identifier is reported only once for each function it appears in
make[1]: *** [CMakeFiles/cmTC_9ec5e.dir/build.make:66: CMakeFiles/cmTC_9ec5e.dir/CheckSymbolExists.c.o] Error 1
make[1]: Leaving directory '/home/zachary/Documents/Projects/game-engine/build/CMakeFiles/CMakeTmp'
make: *** [Makefile:121: cmTC_9ec5e/fast] Error 2


File /home/zachary/projects/game-engine/build/CMakeFiles/CMakeTmp/CheckSymbolExists.c:
/* */
#include <stddef.h>
#include <stdarg.h>
#include <stdlib.h>
#include <string.h>
#include <stdio.h>
#include <wchar.h>
#include <float.h>

int main(int argc, char** argv)
{
  (void)argv;
#ifndef _ltoa
  return ((int*)(&_ltoa))[argc];
#else
  (void)argc;
  return 0;
#endif
}
Determining if the _uitoa exist failed with the following output:
Change Dir: /home/zachary/projects/game-engine/build/CMakeFiles/CMakeTmp

Run Build Command(s):/usr/bin/make cmTC_a192e/fast && /usr/bin/make -f CMakeFiles/cmTC_a192e.dir/build.make CMakeFiles/cmTC_a192e.dir/build
make[1]: Entering directory '/home/zachary/Documents/Projects/game-engine/build/CMakeFiles/CMakeTmp'
Building C object CMakeFiles/cmTC_a192e.dir/CheckSymbolExists.c.o
/usr/bin/cc   -idirafter "/home/zachary/projects/game-engine/lib/SDL/src/video/khronos"    -o CMakeFiles/cmTC_a192e.dir/CheckSymbolExists.c.o   -c /home/zachary/projects/game-engine/build/CMakeFiles/CMakeTmp/CheckSymbolExists.c
/home/zachary/projects/game-engine/build/CMakeFiles/CMakeTmp/CheckSymbolExists.c: In function ‘main’:
/home/zachary/projects/game-engine/build/CMakeFiles/CMakeTmp/CheckSymbolExists.c:14:19: error: ‘_uitoa’ undeclared (first use in this function)
   14 |   return ((int*)(&_uitoa))[argc];
      |                   ^~~~~~
/home/zachary/projects/game-engine/build/CMakeFiles/CMakeTmp/CheckSymbolExists.c:14:19: note: each undeclared identifier is reported only once for each function it appears in
make[1]: *** [CMakeFiles/cmTC_a192e.dir/build.make:66: CMakeFiles/cmTC_a192e.dir/CheckSymbolExists.c.o] Error 1
make[1]: Leaving directory '/home/zachary/Documents/Projects/game-engine/build/CMakeFiles/CMakeTmp'
make: *** [Makefile:121: cmTC_a192e/fast] Error 2


File /home/zachary/projects/game-engine/build/CMakeFiles/CMakeTmp/CheckSymbolExists.c:
/* */
#include <stddef.h>
#include <stdarg.h>
#include <stdlib.h>
#include <string.h>
#include <stdio.h>
#include <wchar.h>
#include <float.h>

int main(int argc, char** argv)
{
  (void)argv;
#ifndef _uitoa
  return ((int*)(&_uitoa))[argc];
#else
  (void)argc;
  return 0;
#endif
}
Determining if the _ultoa exist failed with the following output:
Change Dir: /home/zachary/projects/game-engine/build/CMakeFiles/CMakeTmp

Run Build Command(s):/usr/bin/make cmTC_505fd/fast && /usr/bin/make -f CMakeFiles/cmTC_505fd.dir/build.make CMakeFiles/cmTC_505fd.dir/build
make[1]: Entering directory '/home/zachary/Documents/Projects/game-engine/build/CMakeFiles/CMakeTmp'
Building C object CMakeFiles/cmTC_505fd.dir/CheckSymbolExists.c.o
/usr/bin/cc   -idirafter "/home/zachary/projects/game-engine/lib/SDL/src/video/khronos"    -o CMakeFiles/cmTC_505fd.dir/CheckSymbolExists.c.o   -c /home/zachary/projects/game-engine/build/CMakeFiles/CMakeTmp/CheckSymbolExists.c
/home/zachary/projects/game-engine/build/CMakeFiles/CMakeTmp/CheckSymbolExists.c: In function ‘main’:
/home/zachary/projects/game-engine/build/CMakeFiles/CMakeTmp/CheckSymbolExists.c:14:19: error: ‘_ultoa’ undeclared (first use in this function)
   14 |   return ((int*)(&_ultoa))[argc];
      |                   ^~~~~~
/home/zachary/projects/game-engine/build/CMakeFiles/CMakeTmp/CheckSymbolExists.c:14:19: note: each undeclared identifier is reported only once for each function it appears in
make[1]: *** [CMakeFiles/cmTC_505fd.dir/build.make:66: CMakeFiles/cmTC_505fd.dir/CheckSymbolExists.c.o] Error 1
make[1]: Leaving directory '/home/zachary/Documents/Projects/game-engine/build/CMakeFiles/CMakeTmp'
make: *** [Makefile:121: cmTC_505fd/fast] Error 2


File /home/zachary/projects/game-engine/build/CMakeFiles/CMakeTmp/CheckSymbolExists.c:
/* */
#include <stddef.h>
#include <stdarg.h>
#include <stdlib.h>
#include <string.h>
#include <stdio.h>
#include <wchar.h>
#include <float.h>

int main(int argc, char** argv)
{
  (void)argv;
#ifndef _ultoa
  return ((int*)(&_ultoa))[argc];
#else
  (void)argc;
  return 0;
#endif
}
Determining if the _i64toa exist failed with the following output:
Change Dir: /home/zachary/projects/game-engine/build/CMakeFiles/CMakeTmp

Run Build Command(s):/usr/bin/make cmTC_effe9/fast && /usr/bin/make -f CMakeFiles/cmTC_effe9.dir/build.make CMakeFiles/cmTC_effe9.dir/build
make[1]: Entering directory '/home/zachary/Documents/Projects/game-engine/build/CMakeFiles/CMakeTmp'
Building C object CMakeFiles/cmTC_effe9.dir/CheckSymbolExists.c.o
/usr/bin/cc   -idirafter "/home/zachary/projects/game-engine/lib/SDL/src/video/khronos"    -o CMakeFiles/cmTC_effe9.dir/CheckSymbolExists.c.o   -c /home/zachary/projects/game-engine/build/CMakeFiles/CMakeTmp/CheckSymbolExists.c
/home/zachary/projects/game-engine/build/CMakeFiles/CMakeTmp/CheckSymbolExists.c: In function ‘main’:
/home/zachary/projects/game-engine/build/CMakeFiles/CMakeTmp/CheckSymbolExists.c:14:19: error: ‘_i64toa’ undeclared (first use in this function)
   14 |   return ((int*)(&_i64toa))[argc];
      |                   ^~~~~~~
/home/zachary/projects/game-engine/build/CMakeFiles/CMakeTmp/CheckSymbolExists.c:14:19: note: each undeclared identifier is reported only once for each function it appears in
make[1]: *** [CMakeFiles/cmTC_effe9.dir/build.make:66: CMakeFiles/cmTC_effe9.dir/CheckSymbolExists.c.o] Error 1
make[1]: Leaving directory '/home/zachary/Documents/Projects/game-engine/build/CMakeFiles/CMakeTmp'
make: *** [Makefile:121: cmTC_effe9/fast] Error 2


File /home/zachary/projects/game-engine/build/CMakeFiles/CMakeTmp/CheckSymbolExists.c:
/* */
#include <stddef.h>
#include <stdarg.h>
#include <stdlib.h>
#include <string.h>
#include <stdio.h>
#include <wchar.h>
#include <float.h>

int main(int argc, char** argv)
{
  (void)argv;
#ifndef _i64toa
  return ((int*)(&_i64toa))[argc];
#else
  (void)argc;
  return 0;
#endif
}
Determining if the _ui64toa exist failed with the following output:
Change Dir: /home/zachary/projects/game-engine/build/CMakeFiles/CMakeTmp

Run Build Command(s):/usr/bin/make cmTC_c1c51/fast && /usr/bin/make -f CMakeFiles/cmTC_c1c51.dir/build.make CMakeFiles/cmTC_c1c51.dir/build
make[1]: Entering directory '/home/zachary/Documents/Projects/game-engine/build/CMakeFiles/CMakeTmp'
Building C object CMakeFiles/cmTC_c1c51.dir/CheckSymbolExists.c.o
/usr/bin/cc   -idirafter "/home/zachary/projects/game-engine/lib/SDL/src/video/khronos"    -o CMakeFiles/cmTC_c1c51.dir/CheckSymbolExists.c.o   -c /home/zachary/projects/game-engine/build/CMakeFiles/CMakeTmp/CheckSymbolExists.c
/home/zachary/projects/game-engine/build/CMakeFiles/CMakeTmp/CheckSymbolExists.c: In function ‘main’:
/home/zachary/projects/game-engine/build/CMakeFiles/CMakeTmp/CheckSymbolExists.c:14:19: error: ‘_ui64toa’ undeclared (first use in this function)
   14 |   return ((int*)(&_ui64toa))[argc];
      |                   ^~~~~~~~
/home/zachary/projects/game-engine/build/CMakeFiles/CMakeTmp/CheckSymbolExists.c:14:19: note: each undeclared identifier is reported only once for each function it appears in
make[1]: *** [CMakeFiles/cmTC_c1c51.dir/build.make:66: CMakeFiles/cmTC_c1c51.dir/CheckSymbolExists.c.o] Error 1
make[1]: Leaving directory '/home/zachary/Documents/Projects/game-engine/build/CMakeFiles/CMakeTmp'
make: *** [Makefile:121: cmTC_c1c51/fast] Error 2


File /home/zachary/projects/game-engine/build/CMakeFiles/CMakeTmp/CheckSymbolExists.c:
/* */
#include <stddef.h>
#include <stdarg.h>
#include <stdlib.h>
#include <string.h>
#include <stdio.h>
#include <wchar.h>
#include <float.h>

int main(int argc, char** argv)
{
  (void)argv;
#ifndef _ui64toa
  return ((int*)(&_ui64toa))[argc];
#else
  (void)argc;
  return 0;
#endif
}
Determining if the _stricmp exist failed with the following output:
Change Dir: /home/zachary/projects/game-engine/build/CMakeFiles/CMakeTmp

Run Build Command(s):/usr/bin/make cmTC_b36a2/fast && /usr/bin/make -f CMakeFiles/cmTC_b36a2.dir/build.make CMakeFiles/cmTC_b36a2.dir/build
make[1]: Entering directory '/home/zachary/Documents/Projects/game-engine/build/CMakeFiles/CMakeTmp'
Building C object CMakeFiles/cmTC_b36a2.dir/CheckSymbolExists.c.o
/usr/bin/cc   -idirafter "/home/zachary/projects/game-engine/lib/SDL/src/video/khronos"    -o CMakeFiles/cmTC_b36a2.dir/CheckSymbolExists.c.o   -c /home/zachary/projects/game-engine/build/CMakeFiles/CMakeTmp/CheckSymbolExists.c
/home/zachary/projects/game-engine/build/CMakeFiles/CMakeTmp/CheckSymbolExists.c: In function ‘main’:
/home/zachary/projects/game-engine/build/CMakeFiles/CMakeTmp/CheckSymbolExists.c:14:19: error: ‘_stricmp’ undeclared (first use in this function); did you mean ‘strncmp’?
   14 |   return ((int*)(&_stricmp))[argc];
      |                   ^~~~~~~~
      |                   strncmp
/home/zachary/projects/game-engine/build/CMakeFiles/CMakeTmp/CheckSymbolExists.c:14:19: note: each undeclared identifier is reported only once for each function it appears in
make[1]: *** [CMakeFiles/cmTC_b36a2.dir/build.make:66: CMakeFiles/cmTC_b36a2.dir/CheckSymbolExists.c.o] Error 1
make[1]: Leaving directory '/home/zachary/Documents/Projects/game-engine/build/CMakeFiles/CMakeTmp'
make: *** [Makefile:121: cmTC_b36a2/fast] Error 2


File /home/zachary/projects/game-engine/build/CMakeFiles/CMakeTmp/CheckSymbolExists.c:
/* */
#include <stddef.h>
#include <stdarg.h>
#include <stdlib.h>
#include <string.h>
#include <stdio.h>
#include <wchar.h>
#include <float.h>

int main(int argc, char** argv)
{
  (void)argv;
#ifndef _stricmp
  return ((int*)(&_stricmp))[argc];
#else
  (void)argc;
  return 0;
#endif
}
Determining if the _strnicmp exist failed with the following output:
Change Dir: /home/zachary/projects/game-engine/build/CMakeFiles/CMakeTmp

Run Build Command(s):/usr/bin/make cmTC_0c28b/fast && /usr/bin/make -f CMakeFiles/cmTC_0c28b.dir/build.make CMakeFiles/cmTC_0c28b.dir/build
make[1]: Entering directory '/home/zachary/Documents/Projects/game-engine/build/CMakeFiles/CMakeTmp'
Building C object CMakeFiles/cmTC_0c28b.dir/CheckSymbolExists.c.o
/usr/bin/cc   -idirafter "/home/zachary/projects/game-engine/lib/SDL/src/video/khronos"    -o CMakeFiles/cmTC_0c28b.dir/CheckSymbolExists.c.o   -c /home/zachary/projects/game-engine/build/CMakeFiles/CMakeTmp/CheckSymbolExists.c
/home/zachary/projects/game-engine/build/CMakeFiles/CMakeTmp/CheckSymbolExists.c: In function ‘main’:
/home/zachary/projects/game-engine/build/CMakeFiles/CMakeTmp/CheckSymbolExists.c:14:19: error: ‘_strnicmp’ undeclared (first use in this function); did you mean ‘strncmp’?
   14 |   return ((int*)(&_strnicmp))[argc];
      |                   ^~~~~~~~~
      |                   strncmp
/home/zachary/projects/game-engine/build/CMakeFiles/CMakeTmp/CheckSymbolExists.c:14:19: note: each undeclared identifier is reported only once for each function it appears in
make[1]: *** [CMakeFiles/cmTC_0c28b.dir/build.make:66: CMakeFiles/cmTC_0c28b.dir/CheckSymbolExists.c.o] Error 1
make[1]: Leaving directory '/home/zachary/Documents/Projects/game-engine/build/CMakeFiles/CMakeTmp'
make: *** [Makefile:121: cmTC_0c28b/fast] Error 2


File /home/zachary/projects/game-engine/build/CMakeFiles/CMakeTmp/CheckSymbolExists.c:
/* */
#include <stddef.h>
#include <stdarg.h>
#include <stdlib.h>
#include <string.h>
#include <stdio.h>
#include <wchar.h>
#include <float.h>

int main(int argc, char** argv)
{
  (void)argv;
#ifndef _strnicmp
  return ((int*)(&_strnicmp))[argc];
#else
  (void)argc;
  return 0;
#endif
}
Determining if the _wcsdup exist failed with the following output:
Change Dir: /home/zachary/projects/game-engine/build/CMakeFiles/CMakeTmp

Run Build Command(s):/usr/bin/make cmTC_a99a8/fast && /usr/bin/make -f CMakeFiles/cmTC_a99a8.dir/build.make CMakeFiles/cmTC_a99a8.dir/build
make[1]: Entering directory '/home/zachary/Documents/Projects/game-engine/build/CMakeFiles/CMakeTmp'
Building C object CMakeFiles/cmTC_a99a8.dir/CheckSymbolExists.c.o
/usr/bin/cc   -idirafter "/home/zachary/projects/game-engine/lib/SDL/src/video/khronos"    -o CMakeFiles/cmTC_a99a8.dir/CheckSymbolExists.c.o   -c /home/zachary/projects/game-engine/build/CMakeFiles/CMakeTmp/CheckSymbolExists.c
/home/zachary/projects/game-engine/build/CMakeFiles/CMakeTmp/CheckSymbolExists.c: In function ‘main’:
/home/zachary/projects/game-engine/build/CMakeFiles/CMakeTmp/CheckSymbolExists.c:14:19: error: ‘_wcsdup’ undeclared (first use in this function); did you mean ‘wcsdup’?
   14 |   return ((int*)(&_wcsdup))[argc];
      |                   ^~~~~~~
      |                   wcsdup
/home/zachary/projects/game-engine/build/CMakeFiles/CMakeTmp/CheckSymbolExists.c:14:19: note: each undeclared identifier is reported only once for each function it appears in
make[1]: *** [CMakeFiles/cmTC_a99a8.dir/build.make:66: CMakeFiles/cmTC_a99a8.dir/CheckSymbolExists.c.o] Error 1
make[1]: Leaving directory '/home/zachary/Documents/Projects/game-engine/build/CMakeFiles/CMakeTmp'
make: *** [Makefile:121: cmTC_a99a8/fast] Error 2


File /home/zachary/projects/game-engine/build/CMakeFiles/CMakeTmp/CheckSymbolExists.c:
/* */
#include <stddef.h>
#include <stdarg.h>
#include <stdlib.h>
#include <string.h>
#include <stdio.h>
#include <wchar.h>
#include <float.h>

int main(int argc, char** argv)
{
  (void)argv;
#ifndef _wcsdup
  return ((int*)(&_wcsdup))[argc];
#else
  (void)argc;
  return 0;
#endif
}
Determining if the wcslcat exist failed with the following output:
Change Dir: /home/zachary/projects/game-engine/build/CMakeFiles/CMakeTmp

Run Build Command(s):/usr/bin/make cmTC_8a8af/fast && /usr/bin/make -f CMakeFiles/cmTC_8a8af.dir/build.make CMakeFiles/cmTC_8a8af.dir/build
make[1]: Entering directory '/home/zachary/Documents/Projects/game-engine/build/CMakeFiles/CMakeTmp'
Building C object CMakeFiles/cmTC_8a8af.dir/CheckSymbolExists.c.o
/usr/bin/cc   -idirafter "/home/zachary/projects/game-engine/lib/SDL/src/video/khronos"    -o CMakeFiles/cmTC_8a8af.dir/CheckSymbolExists.c.o   -c /home/zachary/projects/game-engine/build/CMakeFiles/CMakeTmp/CheckSymbolExists.c
/home/zachary/projects/game-engine/build/CMakeFiles/CMakeTmp/CheckSymbolExists.c: In function ‘main’:
/home/zachary/projects/game-engine/build/CMakeFiles/CMakeTmp/CheckSymbolExists.c:14:19: error: ‘wcslcat’ undeclared (first use in this function); did you mean ‘wcsncat’?
   14 |   return ((int*)(&wcslcat))[argc];
      |                   ^~~~~~~
      |                   wcsncat
/home/zachary/projects/game-engine/build/CMakeFiles/CMakeTmp/CheckSymbolExists.c:14:19: note: each undeclared identifier is reported only once for each function it appears in
make[1]: *** [CMakeFiles/cmTC_8a8af.dir/build.make:66: CMakeFiles/cmTC_8a8af.dir/CheckSymbolExists.c.o] Error 1
make[1]: Leaving directory '/home/zachary/Documents/Projects/game-engine/build/CMakeFiles/CMakeTmp'
make: *** [Makefile:121: cmTC_8a8af/fast] Error 2


File /home/zachary/projects/game-engine/build/CMakeFiles/CMakeTmp/CheckSymbolExists.c:
/* */
#include <stddef.h>
#include <stdarg.h>
#include <stdlib.h>
#include <string.h>
#include <stdio.h>
#include <wchar.h>
#include <float.h>

int main(int argc, char** argv)
{
  (void)argv;
#ifndef wcslcat
  return ((int*)(&wcslcat))[argc];
#else
  (void)argc;
  return 0;
#endif
}
Determining if the wcslcpy exist failed with the following output:
Change Dir: /home/zachary/projects/game-engine/build/CMakeFiles/CMakeTmp

Run Build Command(s):/usr/bin/make cmTC_02025/fast && /usr/bin/make -f CMakeFiles/cmTC_02025.dir/build.make CMakeFiles/cmTC_02025.dir/build
make[1]: Entering directory '/home/zachary/Documents/Projects/game-engine/build/CMakeFiles/CMakeTmp'
Building C object CMakeFiles/cmTC_02025.dir/CheckSymbolExists.c.o
/usr/bin/cc   -idirafter "/home/zachary/projects/game-engine/lib/SDL/src/video/khronos"    -o CMakeFiles/cmTC_02025.dir/CheckSymbolExists.c.o   -c /home/zachary/projects/game-engine/build/CMakeFiles/CMakeTmp/CheckSymbolExists.c
/home/zachary/projects/game-engine/build/CMakeFiles/CMakeTmp/CheckSymbolExists.c: In function ‘main’:
/home/zachary/projects/game-engine/build/CMakeFiles/CMakeTmp/CheckSymbolExists.c:14:19: error: ‘wcslcpy’ undeclared (first use in this function); did you mean ‘wcsncpy’?
   14 |   return ((int*)(&wcslcpy))[argc];
      |                   ^~~~~~~
      |                   wcsncpy
/home/zachary/projects/game-engine/build/CMakeFiles/CMakeTmp/CheckSymbolExists.c:14:19: note: each undeclared identifier is reported only once for each function it appears in
make[1]: *** [CMakeFiles/cmTC_02025.dir/build.make:66: CMakeFiles/cmTC_02025.dir/CheckSymbolExists.c.o] Error 1
make[1]: Leaving directory '/home/zachary/Documents/Projects/game-engine/build/CMakeFiles/CMakeTmp'
make: *** [Makefile:121: cmTC_02025/fast] Error 2


File /home/zachary/projects/game-engine/build/CMakeFiles/CMakeTmp/CheckSymbolExists.c:
/* */
#include <stddef.h>
#include <stdarg.h>
#include <stdlib.h>
#include <string.h>
#include <stdio.h>
#include <wchar.h>
#include <float.h>

int main(int argc, char** argv)
{
  (void)argv;
#ifndef wcslcpy
  return ((int*)(&wcslcpy))[argc];
#else
  (void)argc;
  return 0;
#endif
}
Determining if the _wcsicmp exist failed with the following output:
Change Dir: /home/zachary/projects/game-engine/build/CMakeFiles/CMakeTmp

Run Build Command(s):/usr/bin/make cmTC_3a964/fast && /usr/bin/make -f CMakeFiles/cmTC_3a964.dir/build.make CMakeFiles/cmTC_3a964.dir/build
make[1]: Entering directory '/home/zachary/Documents/Projects/game-engine/build/CMakeFiles/CMakeTmp'
Building C object CMakeFiles/cmTC_3a964.dir/CheckSymbolExists.c.o
/usr/bin/cc   -idirafter "/home/zachary/projects/game-engine/lib/SDL/src/video/khronos"    -o CMakeFiles/cmTC_3a964.dir/CheckSymbolExists.c.o   -c /home/zachary/projects/game-engine/build/CMakeFiles/CMakeTmp/CheckSymbolExists.c
/home/zachary/projects/game-engine/build/CMakeFiles/CMakeTmp/CheckSymbolExists.c: In function ‘main’:
/home/zachary/projects/game-engine/build/CMakeFiles/CMakeTmp/CheckSymbolExists.c:14:19: error: ‘_wcsicmp’ undeclared (first use in this function); did you mean ‘wcsncmp’?
   14 |   return ((int*)(&_wcsicmp))[argc];
      |                   ^~~~~~~~
      |                   wcsncmp
/home/zachary/projects/game-engine/build/CMakeFiles/CMakeTmp/CheckSymbolExists.c:14:19: note: each undeclared identifier is reported only once for each function it appears in
make[1]: *** [CMakeFiles/cmTC_3a964.dir/build.make:66: CMakeFiles/cmTC_3a964.dir/CheckSymbolExists.c.o] Error 1
make[1]: Leaving directory '/home/zachary/Documents/Projects/game-engine/build/CMakeFiles/CMakeTmp'
make: *** [Makefile:121: cmTC_3a964/fast] Error 2


File /home/zachary/projects/game-engine/build/CMakeFiles/CMakeTmp/CheckSymbolExists.c:
/* */
#include <stddef.h>
#include <stdarg.h>
#include <stdlib.h>
#include <string.h>
#include <stdio.h>
#include <wchar.h>
#include <float.h>

int main(int argc, char** argv)
{
  (void)argv;
#ifndef _wcsicmp
  return ((int*)(&_wcsicmp))[argc];
#else
  (void)argc;
  return 0;
#endif
}
Determining if the _wcsnicmp exist failed with the following output:
Change Dir: /home/zachary/projects/game-engine/build/CMakeFiles/CMakeTmp

Run Build Command(s):/usr/bin/make cmTC_2347a/fast && /usr/bin/make -f CMakeFiles/cmTC_2347a.dir/build.make CMakeFiles/cmTC_2347a.dir/build
make[1]: Entering directory '/home/zachary/Documents/Projects/game-engine/build/CMakeFiles/CMakeTmp'
Building C object CMakeFiles/cmTC_2347a.dir/CheckSymbolExists.c.o
/usr/bin/cc   -idirafter "/home/zachary/projects/game-engine/lib/SDL/src/video/khronos"    -o CMakeFiles/cmTC_2347a.dir/CheckSymbolExists.c.o   -c /home/zachary/projects/game-engine/build/CMakeFiles/CMakeTmp/CheckSymbolExists.c
/home/zachary/projects/game-engine/build/CMakeFiles/CMakeTmp/CheckSymbolExists.c: In function ‘main’:
/home/zachary/projects/game-engine/build/CMakeFiles/CMakeTmp/CheckSymbolExists.c:14:19: error: ‘_wcsnicmp’ undeclared (first use in this function); did you mean ‘wcsncmp’?
   14 |   return ((int*)(&_wcsnicmp))[argc];
      |                   ^~~~~~~~~
      |                   wcsncmp
/home/zachary/projects/game-engine/build/CMakeFiles/CMakeTmp/CheckSymbolExists.c:14:19: note: each undeclared identifier is reported only once for each function it appears in
make[1]: *** [CMakeFiles/cmTC_2347a.dir/build.make:66: CMakeFiles/cmTC_2347a.dir/CheckSymbolExists.c.o] Error 1
make[1]: Leaving directory '/home/zachary/Documents/Projects/game-engine/build/CMakeFiles/CMakeTmp'
make: *** [Makefile:121: cmTC_2347a/fast] Error 2


File /home/zachary/projects/game-engine/build/CMakeFiles/CMakeTmp/CheckSymbolExists.c:
/* */
#include <stddef.h>
#include <stdarg.h>
#include <stdlib.h>
#include <string.h>
#include <stdio.h>
#include <wchar.h>
#include <float.h>

int main(int argc, char** argv)
{
  (void)argv;
#ifndef _wcsnicmp
  return ((int*)(&_wcsnicmp))[argc];
#else
  (void)argc;
  return 0;
#endif
}
Determining if the fopen64 exist failed with the following output:
Change Dir: /home/zachary/projects/game-engine/build/CMakeFiles/CMakeTmp

Run Build Command(s):/usr/bin/make cmTC_c992c/fast && /usr/bin/make -f CMakeFiles/cmTC_c992c.dir/build.make CMakeFiles/cmTC_c992c.dir/build
make[1]: Entering directory '/home/zachary/Documents/Projects/game-engine/build/CMakeFiles/CMakeTmp'
Building C object CMakeFiles/cmTC_c992c.dir/CheckSymbolExists.c.o
/usr/bin/cc   -idirafter "/home/zachary/projects/game-engine/lib/SDL/src/video/khronos"    -o CMakeFiles/cmTC_c992c.dir/CheckSymbolExists.c.o   -c /home/zachary/projects/game-engine/build/CMakeFiles/CMakeTmp/CheckSymbolExists.c
/home/zachary/projects/game-engine/build/CMakeFiles/CMakeTmp/CheckSymbolExists.c: In function ‘main’:
/home/zachary/projects/game-engine/build/CMakeFiles/CMakeTmp/CheckSymbolExists.c:14:19: error: ‘fopen64’ undeclared (first use in this function); did you mean ‘fopen’?
   14 |   return ((int*)(&fopen64))[argc];
      |                   ^~~~~~~
      |                   fopen
/home/zachary/projects/game-engine/build/CMakeFiles/CMakeTmp/CheckSymbolExists.c:14:19: note: each undeclared identifier is reported only once for each function it appears in
make[1]: *** [CMakeFiles/cmTC_c992c.dir/build.make:66: CMakeFiles/cmTC_c992c.dir/CheckSymbolExists.c.o] Error 1
make[1]: Leaving directory '/home/zachary/Documents/Projects/game-engine/build/CMakeFiles/CMakeTmp'
make: *** [Makefile:121: cmTC_c992c/fast] Error 2


File /home/zachary/projects/game-engine/build/CMakeFiles/CMakeTmp/CheckSymbolExists.c:
/* */
#include <stddef.h>
#include <stdarg.h>
#include <stdlib.h>
#include <string.h>
#include <stdio.h>
#include <wchar.h>
#include <float.h>

int main(int argc, char** argv)
{
  (void)argv;
#ifndef fopen64
  return ((int*)(&fopen64))[argc];
#else
  (void)argc;
  return 0;
#endif
}
Determining if the fseeko64 exist failed with the following output:
Change Dir: /home/zachary/projects/game-engine/build/CMakeFiles/CMakeTmp

Run Build Command(s):/usr/bin/make cmTC_14971/fast && /usr/bin/make -f CMakeFiles/cmTC_14971.dir/build.make CMakeFiles/cmTC_14971.dir/build
make[1]: Entering directory '/home/zachary/Documents/Projects/game-engine/build/CMakeFiles/CMakeTmp'
Building C object CMakeFiles/cmTC_14971.dir/CheckSymbolExists.c.o
/usr/bin/cc   -idirafter "/home/zachary/projects/game-engine/lib/SDL/src/video/khronos"    -o CMakeFiles/cmTC_14971.dir/CheckSymbolExists.c.o   -c /home/zachary/projects/game-engine/build/CMakeFiles/CMakeTmp/CheckSymbolExists.c
/home/zachary/projects/game-engine/build/CMakeFiles/CMakeTmp/CheckSymbolExists.c: In function ‘main’:
/home/zachary/projects/game-engine/build/CMakeFiles/CMakeTmp/CheckSymbolExists.c:14:19: error: ‘fseeko64’ undeclared (first use in this function); did you mean ‘fseeko’?
   14 |   return ((int*)(&fseeko64))[argc];
      |                   ^~~~~~~~
      |                   fseeko
/home/zachary/projects/game-engine/build/CMakeFiles/CMakeTmp/CheckSymbolExists.c:14:19: note: each undeclared identifier is reported only once for each function it appears in
make[1]: *** [CMakeFiles/cmTC_14971.dir/build.make:66: CMakeFiles/cmTC_14971.dir/CheckSymbolExists.c.o] Error 1
make[1]: Leaving directory '/home/zachary/Documents/Projects/game-engine/build/CMakeFiles/CMakeTmp'
make: *** [Makefile:121: cmTC_14971/fast] Error 2


File /home/zachary/projects/game-engine/build/CMakeFiles/CMakeTmp/CheckSymbolExists.c:
/* */
#include <stddef.h>
#include <stdarg.h>
#include <stdlib.h>
#include <string.h>
#include <stdio.h>
#include <wchar.h>
#include <float.h>

int main(int argc, char** argv)
{
  (void)argv;
#ifndef fseeko64
  return ((int*)(&fseeko64))[argc];
#else
  (void)argc;
  return 0;
#endif
}
Determining if the sysctlbyname exist failed with the following output:
Change Dir: /home/zachary/projects/game-engine/build/CMakeFiles/CMakeTmp

Run Build Command(s):/usr/bin/make cmTC_25f3a/fast && /usr/bin/make -f CMakeFiles/cmTC_25f3a.dir/build.make CMakeFiles/cmTC_25f3a.dir/build
make[1]: Entering directory '/home/zachary/Documents/Projects/game-engine/build/CMakeFiles/CMakeTmp'
Building C object CMakeFiles/cmTC_25f3a.dir/CheckSymbolExists.c.o
/usr/bin/cc   -idirafter "/home/zachary/projects/game-engine/lib/SDL/src/video/khronos"    -o CMakeFiles/cmTC_25f3a.dir/CheckSymbolExists.c.o   -c /home/zachary/projects/game-engine/build/CMakeFiles/CMakeTmp/CheckSymbolExists.c
In file included from /home/zachary/projects/game-engine/build/CMakeFiles/CMakeTmp/CheckSymbolExists.c:3:
/usr/include/x86_64-linux-gnu/sys/sysctl.h:21:2: warning: #warning "The <sys/sysctl.h> header is deprecated and will be removed." [-Wcpp]
   21 | #warning "The <sys/sysctl.h> header is deprecated and will be removed."
      |  ^~~~~~~
/home/zachary/projects/game-engine/build/CMakeFiles/CMakeTmp/CheckSymbolExists.c: In function ‘main’:
/home/zachary/projects/game-engine/build/CMakeFiles/CMakeTmp/CheckSymbolExists.c:9:19: error: ‘sysctlbyname’ undeclared (first use in this function)
    9 |   return ((int*)(&sysctlbyname))[argc];
      |                   ^~~~~~~~~~~~
/home/zachary/projects/game-engine/build/CMakeFiles/CMakeTmp/CheckSymbolExists.c:9:19: note: each undeclared identifier is reported only once for each function it appears in
make[1]: *** [CMakeFiles/cmTC_25f3a.dir/build.make:66: CMakeFiles/cmTC_25f3a.dir/CheckSymbolExists.c.o] Error 1
make[1]: Leaving directory '/home/zachary/Documents/Projects/game-engine/build/CMakeFiles/CMakeTmp'
make: *** [Makefile:121: cmTC_25f3a/fast] Error 2


File /home/zachary/projects/game-engine/build/CMakeFiles/CMakeTmp/CheckSymbolExists.c:
/* */
#include <sys/types.h>
#include <sys/sysctl.h>

int main(int argc, char** argv)
{
  (void)argv;
#ifndef sysctlbyname
  return ((int*)(&sysctlbyname))[argc];
#else
  (void)argc;
  return 0;
#endif
}
Determining if the elf_aux_info exist failed with the following output:
Change Dir: /home/zachary/projects/game-engine/build/CMakeFiles/CMakeTmp

Run Build Command(s):/usr/bin/make cmTC_808c0/fast && /usr/bin/make -f CMakeFiles/cmTC_808c0.dir/build.make CMakeFiles/cmTC_808c0.dir/build
make[1]: Entering directory '/home/zachary/Documents/Projects/game-engine/build/CMakeFiles/CMakeTmp'
Building C object CMakeFiles/cmTC_808c0.dir/CheckSymbolExists.c.o
/usr/bin/cc   -idirafter "/home/zachary/projects/game-engine/lib/SDL/src/video/khronos"    -o CMakeFiles/cmTC_808c0.dir/CheckSymbolExists.c.o   -c /home/zachary/projects/game-engine/build/CMakeFiles/CMakeTmp/CheckSymbolExists.c
/home/zachary/projects/game-engine/build/CMakeFiles/CMakeTmp/CheckSymbolExists.c: In function ‘main’:
/home/zachary/projects/game-engine/build/CMakeFiles/CMakeTmp/CheckSymbolExists.c:8:19: error: ‘elf_aux_info’ undeclared (first use in this function)
    8 |   return ((int*)(&elf_aux_info))[argc];
      |                   ^~~~~~~~~~~~
/home/zachary/projects/game-engine/build/CMakeFiles/CMakeTmp/CheckSymbolExists.c:8:19: note: each undeclared identifier is reported only once for each function it appears in
make[1]: *** [CMakeFiles/cmTC_808c0.dir/build.make:66: CMakeFiles/cmTC_808c0.dir/CheckSymbolExists.c.o] Error 1
make[1]: Leaving directory '/home/zachary/Documents/Projects/game-engine/build/CMakeFiles/CMakeTmp'
make: *** [Makefile:121: cmTC_808c0/fast] Error 2


File /home/zachary/projects/game-engine/build/CMakeFiles/CMakeTmp/CheckSymbolExists.c:
/* */
#include <sys/auxv.h>

int main(int argc, char** argv)
{
  (void)argv;
#ifndef elf_aux_info
  return ((int*)(&elf_aux_info))[argc];
#else
  (void)argc;
  return 0;
#endif
}
Determining if the function iconv_open exists in the iconv failed with the following output:
Change Dir: /home/zachary/projects/game-engine/build/CMakeFiles/CMakeTmp

Run Build Command(s):/usr/bin/make cmTC_22867/fast && /usr/bin/make -f CMakeFiles/cmTC_22867.dir/build.make CMakeFiles/cmTC_22867.dir/build
make[1]: Entering directory '/home/zachary/Documents/Projects/game-engine/build/CMakeFiles/CMakeTmp'
Building C object CMakeFiles/cmTC_22867.dir/CheckFunctionExists.c.o
/usr/bin/cc   -idirafter "/home/zachary/projects/game-engine/lib/SDL/src/video/khronos" -DCHECK_FUNCTION_EXISTS=iconv_open   -o CMakeFiles/cmTC_22867.dir/CheckFunctionExists.c.o   -c /usr/share/cmake-3.16/Modules/CheckFunctionExists.c
Linking C executable cmTC_22867
/usr/bin/cmake -E cmake_link_script CMakeFiles/cmTC_22867.dir/link.txt --verbose=1
/usr/bin/cc  -idirafter "/home/zachary/projects/game-engine/lib/SDL/src/video/khronos" -DCHECK_FUNCTION_EXISTS=iconv_open    -rdynamic CMakeFiles/cmTC_22867.dir/CheckFunctionExists.c.o  -o cmTC_22867  -liconv 
/usr/bin/ld: cannot find -liconv
collect2: error: ld returned 1 exit status
make[1]: *** [CMakeFiles/cmTC_22867.dir/build.make:87: cmTC_22867] Error 1
make[1]: Leaving directory '/home/zachary/Documents/Projects/game-engine/build/CMakeFiles/CMakeTmp'
make: *** [Makefile:121: cmTC_22867/fast] Error 2



Determining if the alloca exist failed with the following output:
Change Dir: /home/zachary/projects/game-engine/build/CMakeFiles/CMakeTmp

Run Build Command(s):/usr/bin/make cmTC_099bc/fast && /usr/bin/make -f CMakeFiles/cmTC_099bc.dir/build.make CMakeFiles/cmTC_099bc.dir/build
make[1]: Entering directory '/home/zachary/Documents/Projects/game-engine/build/CMakeFiles/CMakeTmp'
Building C object CMakeFiles/cmTC_099bc.dir/CheckSymbolExists.c.o
/usr/bin/cc   -idirafter "/home/zachary/projects/game-engine/lib/SDL/src/video/khronos"    -o CMakeFiles/cmTC_099bc.dir/CheckSymbolExists.c.o   -c /home/zachary/projects/game-engine/build/CMakeFiles/CMakeTmp/CheckSymbolExists.c
/home/zachary/projects/game-engine/build/CMakeFiles/CMakeTmp/CheckSymbolExists.c: In function ‘main’:
/home/zachary/projects/game-engine/build/CMakeFiles/CMakeTmp/CheckSymbolExists.c:8:19: error: ‘alloca’ undeclared (first use in this function); did you mean ‘valloc’?
    8 |   return ((int*)(&alloca))[argc];
      |                   ^~~~~~
      |                   valloc
/home/zachary/projects/game-engine/build/CMakeFiles/CMakeTmp/CheckSymbolExists.c:8:19: note: each undeclared identifier is reported only once for each function it appears in
make[1]: *** [CMakeFiles/cmTC_099bc.dir/build.make:66: CMakeFiles/cmTC_099bc.dir/CheckSymbolExists.c.o] Error 1
make[1]: Leaving directory '/home/zachary/Documents/Projects/game-engine/build/CMakeFiles/CMakeTmp'
make: *** [Makefile:121: cmTC_099bc/fast] Error 2


File /home/zachary/projects/game-engine/build/CMakeFiles/CMakeTmp/CheckSymbolExists.c:
/* */
#include <malloc.h>

int main(int argc, char** argv)
{
  (void)argv;
#ifndef alloca
  return ((int*)(&alloca))[argc];
#else
  (void)argc;
  return 0;
#endif
}
Determining if the dlopen exist failed with the following output:
Change Dir: /home/zachary/projects/game-engine/build/CMakeFiles/CMakeTmp

Run Build Command(s):/usr/bin/make cmTC_45933/fast && /usr/bin/make -f CMakeFiles/cmTC_45933.dir/build.make CMakeFiles/cmTC_45933.dir/build
make[1]: Entering directory '/home/zachary/Documents/Projects/game-engine/build/CMakeFiles/CMakeTmp'
Building C object CMakeFiles/cmTC_45933.dir/CheckSymbolExists.c.o
/usr/bin/cc   -idirafter "/home/zachary/projects/game-engine/lib/SDL/src/video/khronos"    -o CMakeFiles/cmTC_45933.dir/CheckSymbolExists.c.o   -c /home/zachary/projects/game-engine/build/CMakeFiles/CMakeTmp/CheckSymbolExists.c
Linking C executable cmTC_45933
/usr/bin/cmake -E cmake_link_script CMakeFiles/cmTC_45933.dir/link.txt --verbose=1
/usr/bin/cc  -idirafter "/home/zachary/projects/game-engine/lib/SDL/src/video/khronos"     -rdynamic CMakeFiles/cmTC_45933.dir/CheckSymbolExists.c.o  -o cmTC_45933 
/usr/bin/ld: CMakeFiles/cmTC_45933.dir/CheckSymbolExists.c.o: in function `main':
CheckSymbolExists.c:(.text+0x1f): undefined reference to `dlopen'
collect2: error: ld returned 1 exit status
make[1]: *** [CMakeFiles/cmTC_45933.dir/build.make:87: cmTC_45933] Error 1
make[1]: Leaving directory '/home/zachary/Documents/Projects/game-engine/build/CMakeFiles/CMakeTmp'
make: *** [Makefile:121: cmTC_45933/fast] Error 2


File /home/zachary/projects/game-engine/build/CMakeFiles/CMakeTmp/CheckSymbolExists.c:
/* */
#include <dlfcn.h>

int main(int argc, char** argv)
{
  (void)argv;
#ifndef dlopen
  return ((int*)(&dlopen))[argc];
#else
  (void)argc;
  return 0;
#endif
}
Determining if the include file audio/audiolib.h exists failed with the following output:
Change Dir: /home/zachary/projects/game-engine/build/CMakeFiles/CMakeTmp

Run Build Command(s):/usr/bin/make cmTC_c48af/fast && /usr/bin/make -f CMakeFiles/cmTC_c48af.dir/build.make CMakeFiles/cmTC_c48af.dir/build
make[1]: Entering directory '/home/zachary/Documents/Projects/game-engine/build/CMakeFiles/CMakeTmp'
Building C object CMakeFiles/cmTC_c48af.dir/CheckIncludeFile.c.o
/usr/bin/cc   -idirafter "/home/zachary/projects/game-engine/lib/SDL/src/video/khronos"    -o CMakeFiles/cmTC_c48af.dir/CheckIncludeFile.c.o   -c /home/zachary/projects/game-engine/build/CMakeFiles/CMakeTmp/CheckIncludeFile.c
/home/zachary/projects/game-engine/build/CMakeFiles/CMakeTmp/CheckIncludeFile.c:1:10: fatal error: audio/audiolib.h: No such file or directory
    1 | #include <audio/audiolib.h>
      |          ^~~~~~~~~~~~~~~~~~
compilation terminated.
make[1]: *** [CMakeFiles/cmTC_c48af.dir/build.make:66: CMakeFiles/cmTC_c48af.dir/CheckIncludeFile.c.o] Error 1
make[1]: Leaving directory '/home/zachary/Documents/Projects/game-engine/build/CMakeFiles/CMakeTmp'
make: *** [Makefile:121: cmTC_c48af/fast] Error 2



Determining if the include file samplerate.h exists failed with the following output:
Change Dir: /home/zachary/projects/game-engine/build/CMakeFiles/CMakeTmp

Run Build Command(s):/usr/bin/make cmTC_089cd/fast && /usr/bin/make -f CMakeFiles/cmTC_089cd.dir/build.make CMakeFiles/cmTC_089cd.dir/build
make[1]: Entering directory '/home/zachary/Documents/Projects/game-engine/build/CMakeFiles/CMakeTmp'
Building C object CMakeFiles/cmTC_089cd.dir/CheckIncludeFile.c.o
/usr/bin/cc   -idirafter "/home/zachary/projects/game-engine/lib/SDL/src/video/khronos"    -o CMakeFiles/cmTC_089cd.dir/CheckIncludeFile.c.o   -c /home/zachary/projects/game-engine/build/CMakeFiles/CMakeTmp/CheckIncludeFile.c
/home/zachary/projects/game-engine/build/CMakeFiles/CMakeTmp/CheckIncludeFile.c:1:10: fatal error: samplerate.h: No such file or directory
    1 | #include <samplerate.h>
      |          ^~~~~~~~~~~~~~
compilation terminated.
make[1]: *** [CMakeFiles/cmTC_089cd.dir/build.make:66: CMakeFiles/cmTC_089cd.dir/CheckIncludeFile.c.o] Error 1
make[1]: Leaving directory '/home/zachary/Documents/Projects/game-engine/build/CMakeFiles/CMakeTmp'
make: *** [Makefile:121: cmTC_089cd/fast] Error 2



Performing C SOURCE FILE Test HAVE_RPI failed with the following output:
Change Dir: /home/zachary/projects/game-engine/build/CMakeFiles/CMakeTmp

Run Build Command(s):/usr/bin/make cmTC_8bd8d/fast && /usr/bin/make -f CMakeFiles/cmTC_8bd8d.dir/build.make CMakeFiles/cmTC_8bd8d.dir/build
make[1]: Entering directory '/home/zachary/Documents/Projects/game-engine/build/CMakeFiles/CMakeTmp'
Building C object CMakeFiles/cmTC_8bd8d.dir/src.c.o
/usr/bin/cc   -idirafter "/home/zachary/projects/game-engine/lib/SDL/src/video/khronos" -DHAVE_RPI  -I/opt/vc/include/interface/vmcs_host/linux/ -I/opt/vc/include/interface/vcos/pthreads -I/opt/vc/include  -L/opt/vc/lib   -o CMakeFiles/cmTC_8bd8d.dir/src.c.o   -c /home/zachary/projects/game-engine/build/CMakeFiles/CMakeTmp/src.c
/home/zachary/projects/game-engine/build/CMakeFiles/CMakeTmp/src.c:2:18: fatal error: bcm_host.h: No such file or directory
    2 |         #include <bcm_host.h>
      |                  ^~~~~~~~~~~~
compilation terminated.
make[1]: *** [CMakeFiles/cmTC_8bd8d.dir/build.make:66: CMakeFiles/cmTC_8bd8d.dir/src.c.o] Error 1
make[1]: Leaving directory '/home/zachary/Documents/Projects/game-engine/build/CMakeFiles/CMakeTmp'
make: *** [Makefile:121: cmTC_8bd8d/fast] Error 2


Source file was:

        #include <bcm_host.h>
        #include <EGL/eglplatform.h>
        int main(int argc, char **argv) {
          EGL_DISPMANX_WINDOW_T window;
          bcm_host_init();
        }
Performing C SOURCE FILE Test HAVE_VIVANTE_VDK failed with the following output:
Change Dir: /home/zachary/projects/game-engine/build/CMakeFiles/CMakeTmp

Run Build Command(s):/usr/bin/make cmTC_4d1b6/fast && /usr/bin/make -f CMakeFiles/cmTC_4d1b6.dir/build.make CMakeFiles/cmTC_4d1b6.dir/build
make[1]: Entering directory '/home/zachary/Documents/Projects/game-engine/build/CMakeFiles/CMakeTmp'
Building C object CMakeFiles/cmTC_4d1b6.dir/src.c.o
/usr/bin/cc   -idirafter "/home/zachary/projects/game-engine/lib/SDL/src/video/khronos" -DHAVE_VIVANTE_VDK     -o CMakeFiles/cmTC_4d1b6.dir/src.c.o   -c /home/zachary/projects/game-engine/build/CMakeFiles/CMakeTmp/src.c
/home/zachary/projects/game-engine/build/CMakeFiles/CMakeTmp/src.c:2:18: fatal error: gc_vdk.h: No such file or directory
    2 |         #include <gc_vdk.h>
      |                  ^~~~~~~~~~
compilation terminated.
make[1]: *** [CMakeFiles/cmTC_4d1b6.dir/build.make:66: CMakeFiles/cmTC_4d1b6.dir/src.c.o] Error 1
make[1]: Leaving directory '/home/zachary/Documents/Projects/game-engine/build/CMakeFiles/CMakeTmp'
make: *** [Makefile:121: cmTC_4d1b6/fast] Error 2


Source file was:

        #include <gc_vdk.h>
        int main(int argc, char** argv) {}
Performing C SOURCE FILE Test HAVE_VIVANTE_EGL_FB failed with the following output:
Change Dir: /home/zachary/projects/game-engine/build/CMakeFiles/CMakeTmp

Run Build Command(s):/usr/bin/make cmTC_18c83/fast && /usr/bin/make -f CMakeFiles/cmTC_18c83.dir/build.make CMakeFiles/cmTC_18c83.dir/build
make[1]: Entering directory '/home/zachary/Documents/Projects/game-engine/build/CMakeFiles/CMakeTmp'
Building C object CMakeFiles/cmTC_18c83.dir/src.c.o
/usr/bin/cc   -idirafter "/home/zachary/projects/game-engine/lib/SDL/src/video/khronos" -DHAVE_VIVANTE_EGL_FB     -o CMakeFiles/cmTC_18c83.dir/src.c.o   -c /home/zachary/projects/game-engine/build/CMakeFiles/CMakeTmp/src.c
/home/zachary/projects/game-engine/build/CMakeFiles/CMakeTmp/src.c:4:18: fatal error: EGL/eglvivante.h: No such file or directory
    4 |         #include <EGL/eglvivante.h>
      |                  ^~~~~~~~~~~~~~~~~~
compilation terminated.
make[1]: *** [CMakeFiles/cmTC_18c83.dir/build.make:66: CMakeFiles/cmTC_18c83.dir/src.c.o] Error 1
make[1]: Leaving directory '/home/zachary/Documents/Projects/game-engine/build/CMakeFiles/CMakeTmp'
make: *** [Makefile:121: cmTC_18c83/fast] Error 2


Source file was:

        #define LINUX
        #define EGL_API_FB
        #include <EGL/eglvivante.h>
        int main(int argc, char** argv) {}
Determining if files pthread_np.h exist failed with the following output:
Change Dir: /home/zachary/projects/game-engine/build/CMakeFiles/CMakeTmp

Run Build Command(s):/usr/bin/make cmTC_a0c79/fast && /usr/bin/make -f CMakeFiles/cmTC_a0c79.dir/build.make CMakeFiles/cmTC_a0c79.dir/build
make[1]: Entering directory '/home/zachary/Documents/Projects/game-engine/build/CMakeFiles/CMakeTmp'
Building C object CMakeFiles/cmTC_a0c79.dir/HAVE_PTHREAD_NP_H.c.o
/usr/bin/cc   -idirafter "/home/zachary/projects/game-engine/lib/SDL/src/video/khronos"  -D_REENTRANT -pthread     -o CMakeFiles/cmTC_a0c79.dir/HAVE_PTHREAD_NP_H.c.o   -c /home/zachary/projects/game-engine/build/CMakeFiles/CheckIncludeFiles/HAVE_PTHREAD_NP_H.c
/home/zachary/projects/game-engine/build/CMakeFiles/CheckIncludeFiles/HAVE_PTHREAD_NP_H.c:2:10: fatal error: pthread_np.h: No such file or directory
    2 | #include <pthread_np.h>
      |          ^~~~~~~~~~~~~~
compilation terminated.
make[1]: *** [CMakeFiles/cmTC_a0c79.dir/build.make:66: CMakeFiles/cmTC_a0c79.dir/HAVE_PTHREAD_NP_H.c.o] Error 1
make[1]: Leaving directory '/home/zachary/Documents/Projects/game-engine/build/CMakeFiles/CMakeTmp'
make: *** [Makefile:121: cmTC_a0c79/fast] Error 2


Source:
/* */
#include <pthread_np.h>


int main(void){return 0;}

